
Log started (V12.6.2.0) Mon Jul 30 14:05:22 2018


Problem 'jonatas.lp' read.
Read time = 0.58 sec. (31.49 ticks)
Tried aggregator 3 times.
MIP Presolve eliminated 229525 rows and 337332 columns.
MIP Presolve modified 17950 coefficients.
Aggregator did 225 substitutions.
Reduced MIP has 10075 rows, 5741 columns, and 30899 nonzeros.
Reduced MIP has 3443 binaries, 0 generals, 0 SOSs, and 0 indicators.
Presolve time = 0.28 sec. (290.40 ticks)
Found incumbent of value 1135.000000 after 0.35 sec. (355.26 ticks)
Probing fixed 0 vars, tightened 516 bounds.
Probing time = 0.03 sec. (5.48 ticks)
Tried aggregator 1 time.
MIP Presolve eliminated 8 rows and 5 columns.
MIP Presolve modified 6830 coefficients.
Reduced MIP has 10067 rows, 5736 columns, and 30879 nonzeros.
Reduced MIP has 3441 binaries, 0 generals, 0 SOSs, and 0 indicators.
Presolve time = 0.03 sec. (26.98 ticks)
Probing time = 0.02 sec. (4.30 ticks)
Clique table members: 15848.
MIP emphasis: balance optimality and feasibility.
MIP search method: dynamic search.
Parallel mode: deterministic, using up to 4 threads.
Root relaxation solution time = 0.26 sec. (242.82 ticks)

        Nodes                                         Cuts/
   Node  Left     Objective  IInf  Best Integer    Best Bound    ItCnt     Gap

*     0+    0                         1133.0000      165.0000            85.44%
      0     0      170.9605  1098     1133.0000      170.9605       22   84.91%
*     0+    0                          886.0000      170.9605            80.70%
      0     0      309.7343   622      886.0000    Cuts: 2616     2194   65.04%
*     0+    0                          420.0000      309.7343            26.25%
      0     0      340.0285   595      420.0000     Cuts: 880     3309   19.04%
*     0+    0                          410.0000      340.0285            17.07%
      0     0      356.5217   470      410.0000     Cuts: 665     4138   13.04%
*     0+    0                          398.0000      356.5217            10.42%
*     0+    0                          394.0000      356.5217             9.51%
*     0+    0                          389.0000      356.5217             8.35%
      0     0      361.5006   400      389.0000     Cuts: 441     4554    7.07%
      0     0      367.8226   387      389.0000     Cuts: 320     4924    5.44%
*     0+    0                          386.0000      367.8226             4.71%
      0     0      373.9629   251      386.0000     Cuts: 288     5170    3.12%
      0     0      376.0080   231      386.0000     Cuts: 168     5331    2.59%
*     0+    0                          385.0000      376.0080             2.34%
*     0+    0                          384.0000      376.0080             2.08%
      0     0      376.4175   193      384.0000     Cuts: 103     5434    1.97%
*     0+    0                          383.0000      376.4175             1.72%
      0     0      378.1524   151      383.0000      Cuts: 60     5485    1.27%
*     0+    0                          381.0000      378.1524             0.75%
      0     0      379.0000   167      381.0000      Cuts: 29     5518    0.52%
*     0+    0                          380.0000      379.0000             0.26%
      0     0      379.0000   107      380.0000      Cuts: 14     5524    0.26%
*     0+    0                          379.0000      379.0000             0.00%
      0     0        cutoff            379.0000      379.0000     5524    0.00%
Elapsed time = 2.46 sec. (1889.11 ticks, tree = 0.00 MB, solutions = 14)

GUB cover cuts applied:  452
Clique cuts applied:  358
Cover cuts applied:  249
Implied bound cuts applied:  32
Flow cuts applied:  903
Mixed integer rounding cuts applied:  1260
Zero-half cuts applied:  4
Gomory fractional cuts applied:  101

Root node processing (before b&c):
  Real time             =    2.52 sec. (1928.48 ticks)
Parallel b&c, 4 threads:
  Real time             =    0.00 sec. (0.00 ticks)
  Sync time (average)   =    0.00 sec.
  Wait time (average)   =    0.00 sec.
                          ------------
Total (root+branch&cut) =    2.52 sec. (1928.48 ticks)

Solution pool: 14 solutions saved.

MIP - Integer optimal solution:  Objective =  3.7900000000e+02
Solution time =    2.52 sec.  Iterations = 5524  Nodes = 0
Deterministic time = 1929.46 ticks  (766.40 ticks/sec)


Incumbent solution written to file 'jonatas.sol'.

Log started (V12.6.2.0) Thu Aug  9 15:09:50 2018


Log started (V12.6.2.0) Thu Aug  9 15:12:36 2018


Log started (V12.6.2.0) Thu Aug  9 15:14:26 2018


Problem 'jonatas.lp' read.
Read time = 0.57 sec. (31.49 ticks)
Tried aggregator 3 times.
MIP Presolve eliminated 229525 rows and 337332 columns.
MIP Presolve modified 17950 coefficients.
Aggregator did 225 substitutions.
Reduced MIP has 10075 rows, 5741 columns, and 30899 nonzeros.
Reduced MIP has 3443 binaries, 0 generals, 0 SOSs, and 0 indicators.
Presolve time = 0.27 sec. (290.40 ticks)
Found incumbent of value 1135.000000 after 0.34 sec. (355.26 ticks)
Probing fixed 0 vars, tightened 516 bounds.
Probing time = 0.03 sec. (5.48 ticks)
Tried aggregator 1 time.
MIP Presolve eliminated 8 rows and 5 columns.
MIP Presolve modified 6830 coefficients.
Reduced MIP has 10067 rows, 5736 columns, and 30879 nonzeros.
Reduced MIP has 3441 binaries, 0 generals, 0 SOSs, and 0 indicators.
Presolve time = 0.03 sec. (26.98 ticks)
Probing time = 0.01 sec. (4.30 ticks)
Clique table members: 15848.
MIP emphasis: balance optimality and feasibility.
MIP search method: dynamic search.
Parallel mode: deterministic, using up to 4 threads.
Root relaxation solution time = 0.25 sec. (242.82 ticks)

        Nodes                                         Cuts/
   Node  Left     Objective  IInf  Best Integer    Best Bound    ItCnt     Gap

*     0+    0                         1133.0000      165.0000            85.44%
      0     0      170.9605  1098     1133.0000      170.9605       22   84.91%
*     0+    0                          886.0000      170.9605            80.70%
      0     0      309.7343   622      886.0000    Cuts: 2616     2194   65.04%
*     0+    0                          420.0000      309.7343            26.25%
      0     0      340.0285   595      420.0000     Cuts: 880     3309   19.04%
*     0+    0                          410.0000      340.0285            17.07%
      0     0      356.5217   470      410.0000     Cuts: 665     4138   13.04%
*     0+    0                          398.0000      356.5217            10.42%
*     0+    0                          394.0000      356.5217             9.51%
*     0+    0                          389.0000      356.5217             8.35%
      0     0      361.5006   400      389.0000     Cuts: 441     4554    7.07%
      0     0      367.8226   387      389.0000     Cuts: 320     4924    5.44%
*     0+    0                          386.0000      367.8226             4.71%
      0     0      373.9629   251      386.0000     Cuts: 288     5170    3.12%
      0     0      376.0080   231      386.0000     Cuts: 168     5331    2.59%
*     0+    0                          385.0000      376.0080             2.34%
*     0+    0                          384.0000      376.0080             2.08%
      0     0      376.4175   193      384.0000     Cuts: 103     5434    1.97%
*     0+    0                          383.0000      376.4175             1.72%
      0     0      378.1524   151      383.0000      Cuts: 60     5485    1.27%
*     0+    0                          381.0000      378.1524             0.75%
      0     0      379.0000   167      381.0000      Cuts: 29     5518    0.52%
*     0+    0                          380.0000      379.0000             0.26%
      0     0      379.0000   107      380.0000      Cuts: 14     5524    0.26%
*     0+    0                          379.0000      379.0000             0.00%
      0     0        cutoff            379.0000      379.0000     5524    0.00%
Elapsed time = 2.39 sec. (1889.11 ticks, tree = 0.00 MB, solutions = 14)

GUB cover cuts applied:  452
Clique cuts applied:  358
Cover cuts applied:  249
Implied bound cuts applied:  32
Flow cuts applied:  903
Mixed integer rounding cuts applied:  1260
Zero-half cuts applied:  4
Gomory fractional cuts applied:  101

Root node processing (before b&c):
  Real time             =    2.44 sec. (1928.48 ticks)
Parallel b&c, 4 threads:
  Real time             =    0.00 sec. (0.00 ticks)
  Sync time (average)   =    0.00 sec.
  Wait time (average)   =    0.00 sec.
                          ------------
Total (root+branch&cut) =    2.44 sec. (1928.48 ticks)

Solution pool: 14 solutions saved.

MIP - Integer optimal solution:  Objective =  3.7900000000e+02
Solution time =    2.44 sec.  Iterations = 5524  Nodes = 0
Deterministic time = 1929.46 ticks  (789.26 ticks/sec)


Incumbent solution written to file 'sol.sol'.
