
Welcome to IBM(R) ILOG(R) CPLEX(R) Interactive Optimizer 12.4.0.0
  with Simplex, Mixed Integer & Barrier Optimizers
5725-A06 5725-A29 5724-Y48 5724-Y49 5724-Y54 5724-Y55
Copyright IBM Corp. 1988, 2011.  All Rights Reserved.

Type 'help' for a list of available commands.
Type 'help' followed by a command name for more
information on commands.

CPLEX> Problem '0.lp' read.
Read time =    0.01 sec.
CPLEX> New value for default parallel thread count: 4
CPLEX> Tried aggregator 4 times.
MIP Presolve eliminated 327 rows and 1860 columns.
MIP Presolve modified 90 coefficients.
Aggregator did 90 substitutions.
Reduced MIP has 121 rows, 486 columns, and 1062 nonzeros.
Reduced MIP has 486 binaries, 0 generals, 0 SOSs, and 0 indicators.
Probing time =    0.00 sec.
Tried aggregator 1 time.
Presolve time =    0.01 sec.
Probing time =    0.00 sec.
Clique table members: 1.
MIP emphasis: balance optimality and feasibility.
MIP search method: dynamic search.
Parallel mode: deterministic, using up to 4 threads.
Root relaxation solution time =    0.00 sec.

        Nodes                                         Cuts/
   Node  Left     Objective  IInf  Best Integer    Best Bound    ItCnt     Gap

*     0     0      integral     0     4000.0000     4000.0000       12    0.00%
Elapsed real time =   0.01 sec. (tree size =  0.00 MB, solutions = 1)

Root node processing (before b&c):
  Real time             =    0.00
Parallel b&c, 4 threads:
  Real time             =    0.00
  Sync time (average)   =    0.00
  Wait time (average)   =    0.00
                          -------
Total (root+branch&cut) =    0.00 sec.

Solution pool: 1 solution saved.

MIP - Integer optimal solution:  Objective =  4.0000000000e+03
Solution time =    0.01 sec.  Iterations = 12  Nodes = 0
Deterministic time = 6.36 ticks  (580.16 ticks/sec)

CPLEX> Incumbent solution
Variable Name           Solution Value
AL(19,0,0,2,1)                1.000000
AL(0,19,0,1,2)                1.000000
AL(21,0,0,1,2)                1.000000
AL(0,21,0,2,1)                1.000000
y(0,2,23)                     1.000000
y(21,2,0)                     1.000000
wAux(0,2)                  1000.000000
wAux(21,2)                 1000.000000
AN(21,0,1)                    1.000000
AN(21,0,0)                    1.000000
AN(19,0,2)                    1.000000
All other variables in the range 1-2436 are 0.
CPLEX> 