Problem:    into
Rows:       28
Columns:    24 (16 integer, 16 binary)
Non-zeros:  88
Status:     INTEGER OPTIMAL
Objective:  groups = 2 (MINimum)

   No.   Row name        Activity     Lower bound   Upper bound
------ ------------    ------------- ------------- -------------
     1 groups                      2                             
     2 checkFlow[1,2]
                                   1             1             = 
     3 checkFlow[2,3]
                                   1             1             = 
     4 checkFlow[3,4]
                                   1             1             = 
     5 deliver[1,2,1]
                                   0            -0               
     6 deliver[1,2,2]
                                   0            -0               
     7 deliver[2,3,1]
                                   0            -0               
     8 deliver[2,3,2]
                                   0            -0               
     9 deliver[3,4,1]
                                   0            -0               
    10 deliver[3,4,2]
                                   1            -0               
    11 weight1[1,2,1]
                                   0            -0               
    12 weight1[1,2,2]
                                   0            -0               
    13 weight1[2,3,1]
                                   0            -0               
    14 weight1[2,3,2]
                                   0            -0               
    15 weight1[3,4,1]
                                   0            -0               
    16 weight1[3,4,2]
                                   0            -0               
    17 weight2[1,2,1]
                                   0            -0               
    18 weight2[1,2,2]
                                   0            -0               
    19 weight2[2,3,1]
                                   0            -0               
    20 weight2[2,3,2]
                                   0            -0               
    21 weight2[3,4,1]
                                   0            -0               
    22 weight2[3,4,2]
                                   0            -0               
    23 bindWeights[1,2,1]
                                   0            -0               
    24 bindWeights[1,2,2]
                                   0            -0               
    25 bindWeights[2,3,1]
                                   0            -0               
    26 bindWeights[2,3,2]
                                   0            -0               
    27 bindWeights[3,4,1]
                                   0            -0               
    28 bindWeights[3,4,2]
                                   0            -0               

   No. Column name       Activity     Lower bound   Upper bound
------ ------------    ------------- ------------- -------------
     1 C[1,2]                      0             0               
     2 C[2,2]                      0             0               
     3 C[1,3]                      0             0               
     4 C[2,3]                      0             0               
     5 C[1,4]                      0             0               
     6 C[2,4]                      1             0               
     7 C[1,1]                      0             0               
     8 C[2,1]                      0             0               
     9 Y[1,1]       *              0             0             1 
    10 Y[1,2]       *              0             0             1 
    11 Y[1,3]       *              0             0             1 
    12 Y[1,4]       *              0             0             1 
    13 Y[1,5]       *              0             0             1 
    14 Y[2,1]       *              1             0             1 
    15 Y[2,2]       *              1             0             1 
    16 Y[2,3]       *              0             0             1 
    17 Y[2,4]       *              0             0             1 
    18 Y[2,5]       *              0             0             1 
    19 X[1,2,1]     *              0             0             1 
    20 X[1,2,2]     *              1             0             1 
    21 X[2,3,1]     *              0             0             1 
    22 X[2,3,2]     *              1             0             1 
    23 X[3,4,1]     *              0             0             1 
    24 X[3,4,2]     *              1             0             1 

Integer feasibility conditions:

KKT.PE: max.abs.err = 0.00e+00 on row 0
        max.rel.err = 0.00e+00 on row 0
        High quality

KKT.PB: max.abs.err = 0.00e+00 on row 0
        max.rel.err = 0.00e+00 on row 0
        High quality

End of output
