Problem:    vrp
Rows:       13
Columns:    16 (16 integer, 16 binary)
Non-zeros:  38
Status:     INTEGER EMPTY
Objective:  groups = 0 (MINimum)

   No.   Row name        Activity     Lower bound   Upper bound
------ ------------    ------------- ------------- -------------
     1 groups                      0                             
     2 checkFlow[1,2]
                                   0             1               
     3 checkFlow[2,3]
                                   0             1               
     4 keepFlow[1,1,1]
                                   0            -0             = 
     5 keepFlow[1,1,2]
                                   0            -0             = 
     6 keepFlow[1,2,2]
                                   0            -0             = 
     7 keepFlow[1,2,3]
                                   0            -0             = 
     8 keepFlow[2,1,1]
                                   0            -0             = 
     9 keepFlow[2,1,2]
                                   0            -0             = 
    10 keepFlow[2,2,2]
                                   0            -0             = 
    11 keepFlow[2,2,3]
                                   0            -0             = 
    12 weight[1]                   0                           5 
    13 weight[2]                   0                           5 

   No. Column name       Activity     Lower bound   Upper bound
------ ------------    ------------- ------------- -------------
     1 X[0,1,1]     *              0             0             1 
     2 X[0,1,2]     *              0             0             1 
     3 X[0,2,1]     *              0             0             1 
     4 X[0,2,2]     *              0             0             1 
     5 X[0,3,1]     *              0             0             1 
     6 X[0,3,2]     *              0             0             1 
     7 X[1,2,1]     *              0             0             1 
     8 X[1,2,2]     *              0             0             1 
     9 X[2,3,1]     *              0             0             1 
    10 X[2,3,2]     *              0             0             1 
    11 X[1,0,1]     *              0             0             1 
    12 X[2,0,1]     *              0             0             1 
    13 X[3,0,1]     *              0             0             1 
    14 X[1,0,2]     *              0             0             1 
    15 X[2,0,2]     *              0             0             1 
    16 X[3,0,2]     *              0             0             1 

Integer feasibility conditions:

KKT.PE: max.abs.err = 0.00e+00 on row 0
        max.rel.err = 0.00e+00 on row 0
        High quality

KKT.PB: max.abs.err = 1.00e+00 on row 2
        max.rel.err = 5.00e-01 on row 2
        SOLUTION IS INFEASIBLE

End of output
